[LOG] System::create                           : Header version = 1.10.04. Current version = 1.10.04.
[LOG] SystemI::setOutputInternal               : Setting output to 'FMOD WASAPI Output'
[LOG] Manager::init                            : maxchannels = 1024 studioflags = 00000009 flags 00000000 extradriverdata 0000000000000000.
[LOG] SystemI::init                            : Initialize version=11004 (93853), maxchannels=1024, flags=0x00030000
[LOG] OutputWASAPI::init                       : Mix Format (WAVEFORMATEX): wFormatTag=0xFFFE, nChannels=2, nSamplesPerSec=44100, nAvgBytesPerSec=352800, nBlockAlign=8, wBitsPerSample=32, cbSize=22.
[LOG] OutputWASAPI::init                       : Mix Format (WAVEFORMATEXTENSIBLE): wValidBitsPerSample=32, dwChannelMask=0x00000003, SubFormat=00000003-0000-0010-8000-00AA00389B71.
[LOG] OutputWASAPI::init                       : Output buffer size: 3760 samples, latency: 0.00ms, period: 10.16ms, DSP buffer: 1024 * 4
[WRN] SystemI::init                            : Output requires a sample rate of 44100Hz, resampling will occur.
[LOG] Thread::initThread                       : Init FMOD stream thread. Priority: 2, Stack Size: 65536, Semaphore: No, Sleep Time: 10, Looping: Yes.
[LOG] SystemI::DSPCodecPoolRegister            : register codec pool for pool type 5
[LOG] Thread::initThread                       : Init FMOD mixer thread. Priority: 3, Stack Size: 49152, Semaphore: No, Sleep Time: 0, Looping: Yes.
[LOG] AsyncManager::init                       : manager 0000000047F64DD8 isAsync 1 updatePeriod 0.02
[LOG] Thread::initThread                       : Init FMOD Studio update thread. Priority: 0, Stack Size: 65536, Semaphore: No, Sleep Time: 1, Looping: No.
[LOG] AsyncManager::init                       : done
[LOG] PlaybackSystem::init                     : 
[LOG] Thread::initThread                       : Init FMOD Studio sample load thread. Priority: 0, Stack Size: 65536, Semaphore: No, Sleep Time: 1, Looping: No.
[LOG] PlaybackSystem::init                     : done
[LOG] LiveUpdate::init                         : 
[LOG] Thread::initThread                       : Init FMOD Studio bank load thread. Priority: 0, Stack Size: 65536, Semaphore: No, Sleep Time: 1, Looping: No.
[LOG] Manager::init                            : done.
[LOG] Profile::init                            : Profiler listening on port: 9264
[LOG] Manager::readBank                        : fileversion = 100, compatVersion = 99 (oldest = 44, newest = 100)
[LOG] Manager::readBank                        : fileversion = 100, compatVersion = 99 (oldest = 44, newest = 100)
[LOG] PlaybackSystem::acquireMasterBus         : Setting master channel group format to 3
[LOG] SystemI::createSound                     : filename = Assets\Sound\Mobile/Master Bank.bank : mode 02010082
[LOG] SystemI::createSound                     : FMOD_NONBLOCKING specified.  Putting into queue to be opened asynchronously!
[LOG] Thread::initThread                       : Init FMOD nonblocking thread (0). Priority: 1, Stack Size: 81920, Semaphore: Yes, Sleep Time: 0, Looping: Yes.
[LOG] SystemI::createSound                     : setdata soundi = 0000000048403428 : node = 000000004840EAF0
[LOG] SystemI::createSound                     : add node to async list : head = 000000001FAF7288.  list count = 0
[LOG] AsyncThread::threadFunc                  : Starting Asynchronous operation on sound 0000000048403428
[LOG] SystemI::createSoundInternal             :     Create name='Assets\Sound\Mobile/Master Bank.bank', mode=0x02010082
[LOG] SystemI::createSoundInternal             :     exinfo->cbsize             = 232
[LOG] SystemI::createSoundInternal             :     exinfo->length             = 25833248
[LOG] SystemI::createSoundInternal             :     exinfo->fileoffset         = 63616
[LOG] SystemI::createSoundInternal             :     exinfo->numsubsounds       = 1
[LOG] SystemI::createSoundInternal             :     exinfo->inclusionlist      = 000000004840EC08
[LOG] SystemI::createSoundInternal             :     exinfo->inclusionlistnum   = 1
[LOG] SystemI::createSoundInternal             :     exinfo->suggestedsoundtype = 5
[LOG] SystemI::createSoundInternal             :     exinfo->initialseekpostype = 1
[LOG] SystemI::createSoundInternal             :     Stream 0/1: name='footsteps_multi_earth1', format=2, channels=2, frequency=24000, lengthbytes=404064, lengthpcm=369408, pcmblocksize=256, loopstart=0, loopend=0, mode=0x00000000, channelmask=0x00000000, channelorder=0, peakvolume=0.443576.
[LOG] Thread::initThread                       :     Init FMOD file thread. Priority: 1, Stack Size: 16384, Semaphore: No, Sleep Time: 10, Looping: Yes.
[LOG] AsyncThread::threadFunc                  : Finished Asynchronous operation on sound 0000000048403428
[LOG] SoundI::getSubSound                      : sound 0000000048403428.  Subsound index 0 / 1
[LOG] SystemI::createSound                     : filename = Assets\Sound\Mobile/Master Bank.bank : mode 02010082
[LOG] SystemI::createSound                     : FMOD_NONBLOCKING specified.  Putting into queue to be opened asynchronously!
[LOG] SystemI::createSound                     : setdata soundi = 0000000048402348 : node = 000000004840E9A0
[LOG] SystemI::createSound                     : add node to async list : head = 000000001FAF7288.  list count = 0
[LOG] AsyncThread::threadFunc                  : Starting Asynchronous operation on sound 0000000048402348
[LOG] SystemI::createSoundInternal             :     Create name='Assets\Sound\Mobile/Master Bank.bank', mode=0x02010082
[LOG] SystemI::createSoundInternal             :     exinfo->cbsize             = 232
[LOG] SystemI::createSoundInternal             :     exinfo->length             = 25833248
[LOG] SystemI::createSoundInternal             :     exinfo->fileoffset         = 63616
[LOG] SystemI::createSoundInternal             :     exinfo->numsubsounds       = 1
[LOG] SystemI::createSoundInternal             :     exinfo->inclusionlist      = 000000004840EAB8
[LOG] SystemI::createSoundInternal             :     exinfo->inclusionlistnum   = 1
[LOG] SystemI::createSoundInternal             :     exinfo->suggestedsoundtype = 5
[LOG] SystemI::createSoundInternal             :     exinfo->initialseekpostype = 1
[LOG] SystemI::createSoundInternal             :     Stream 0/1: name='footsteps_multi_earth3', format=2, channels=2, frequency=24000, lengthbytes=398176, lengthpcm=364032, pcmblocksize=256, loopstart=0, loopend=0, mode=0x00000000, channelmask=0x00000000, channelorder=0, peakvolume=0.480563.
[LOG] AsyncThread::threadFunc                  : Finished Asynchronous operation on sound 0000000048402348
[LOG] SoundI::getSubSound                      : sound 0000000048402348.  Subsound index 0 / 1
[LOG] SoundI::release                          : footsteps_multi_earth1 (0000000048403428)
[LOG] SoundI::release                          :     footsteps_multi_earth1 (00000000483F1D18)
[LOG] SoundI::release                          :     footsteps_multi_earth1 (0000000048403788)
[LOG] Codec::release                           : Free PCM Buffer
[LOG] SystemI::createSound                     : filename = Assets\Sound\Mobile/Master Bank.bank : mode 02010082
[LOG] SystemI::createSound                     : FMOD_NONBLOCKING specified.  Putting into queue to be opened asynchronously!
[LOG] SystemI::createSound                     : setdata soundi = 00000000484026A8 : node = 000000004840EC40
[LOG] SystemI::createSound                     : add node to async list : head = 000000001FAF7288.  list count = 0
[LOG] AsyncThread::threadFunc                  : Starting Asynchronous operation on sound 00000000484026A8
[LOG] SystemI::createSoundInternal             :     Create name='Assets\Sound\Mobile/Master Bank.bank', mode=0x02010082
[LOG] SystemI::createSoundInternal             :     exinfo->cbsize             = 232
[LOG] SystemI::createSoundInternal             :     exinfo->length             = 25833248
[LOG] SystemI::createSoundInternal             :     exinfo->fileoffset         = 63616
[LOG] SystemI::createSoundInternal             :     exinfo->numsubsounds       = 1
[LOG] SystemI::createSoundInternal             :     exinfo->inclusionlist      = 000000004840ED58
[LOG] SystemI::createSoundInternal             :     exinfo->inclusionlistnum   = 1
[LOG] SystemI::createSoundInternal             :     exinfo->suggestedsoundtype = 5
[LOG] SystemI::createSoundInternal             :     exinfo->initialseekpostype = 1
[LOG] SystemI::createSoundInternal             :     Stream 0/1: name='footsteps_multi_earth2', format=2, channels=2, frequency=24000, lengthbytes=407424, lengthpcm=372480, pcmblocksize=256, loopstart=0, loopend=0, mode=0x00000000, channelmask=0x00000000, channelorder=0, peakvolume=0.508170.
[LOG] AsyncThread::threadFunc                  : Finished Asynchronous operation on sound 00000000484026A8
[LOG] SoundI::getSubSound                      : sound 00000000484026A8.  Subsound index 0 / 1
[LOG] SoundI::release                          : footsteps_multi_earth3 (0000000048402348)
[LOG] SoundI::release                          :     footsteps_multi_earth3 (00000000483F1698)
[LOG] SoundI::release                          :     footsteps_multi_earth3 (00000000484035D8)
[LOG] Codec::release                           : Free PCM Buffer
[LOG] SoundI::release                          : footsteps_multi_earth2 (00000000484026A8)
[LOG] SoundI::release                          :     footsteps_multi_earth2 (00000000483F1838)
[LOG] SoundI::release                          :     footsteps_multi_earth2 (0000000048403788)
[LOG] Codec::release                           : Free PCM Buffer
[LOG] SystemI::createSound                     : filename = Assets\Sound\Mobile/Master Bank.bank : mode 02010082
[LOG] SystemI::createSound                     : FMOD_NONBLOCKING specified.  Putting into queue to be opened asynchronously!
[LOG] SystemI::createSound                     : setdata soundi = 00000000484026A8 : node = 000000004840E9A0
[LOG] SystemI::createSound                     : add node to async list : head = 000000001FAF7288.  list count = 0
[LOG] AsyncThread::threadFunc                  : Starting Asynchronous operation on sound 00000000484026A8
[LOG] SystemI::createSoundInternal             :     Create name='Assets\Sound\Mobile/Master Bank.bank', mode=0x02010082
[LOG] SystemI::createSoundInternal             :     exinfo->cbsize             = 232
[LOG] SystemI::createSoundInternal             :     exinfo->length             = 25833248
[LOG] SystemI::createSoundInternal             :     exinfo->fileoffset         = 63616
[LOG] SystemI::createSoundInternal             :     exinfo->numsubsounds       = 1
[LOG] SystemI::createSoundInternal             :     exinfo->inclusionlist      = 000000004840EAB8
[LOG] SystemI::createSoundInternal             :     exinfo->inclusionlistnum   = 1
[LOG] SystemI::createSoundInternal             :     exinfo->suggestedsoundtype = 5
[LOG] SystemI::createSoundInternal             :     exinfo->initialseekpostype = 1
[LOG] SystemI::createSoundInternal             :     Stream 0/1: name='footsteps_multi_earth3', format=2, channels=2, frequency=24000, lengthbytes=398176, lengthpcm=364032, pcmblocksize=256, loopstart=0, loopend=0, mode=0x00000000, channelmask=0x00000000, channelorder=0, peakvolume=0.480563.
[LOG] AsyncThread::threadFunc                  : Finished Asynchronous operation on sound 00000000484026A8
[LOG] SoundI::getSubSound                      : sound 00000000484026A8.  Subsound index 0 / 1
[LOG] SoundI::release                          : footsteps_multi_earth3 (00000000484026A8)
[LOG] SoundI::release                          :     footsteps_multi_earth3 (000000005D1F2C58)
[LOG] SoundI::release                          :     footsteps_multi_earth3 (0000000048403278)
[LOG] Codec::release                           : Free PCM Buffer
[LOG] SystemI::createSoundInternal             : Create name='', mode=0x02000202
[LOG] SystemI::createSoundInternal             : exinfo->cbsize             = 232
[LOG] SystemI::createSoundInternal             : exinfo->length             = 25833248
[LOG] SystemI::createSoundInternal             : exinfo->fileoffset         = 63616
[LOG] SystemI::createSoundInternal             : exinfo->numsubsounds       = 1
[LOG] SystemI::createSoundInternal             : exinfo->inclusionlist      = 0000000062E4F5FC
[LOG] SystemI::createSoundInternal             : exinfo->inclusionlistnum   = 1
[LOG] SystemI::createSoundInternal             : exinfo->suggestedsoundtype = 5
[LOG] SystemI::createSoundInternal             : exinfo->useropen           = 00007FFD856EE310
[LOG] SystemI::createSoundInternal             : exinfo->userclose          = 00007FFD856EE2E0
[LOG] SystemI::createSoundInternal             : exinfo->userread           = 00007FFD856EE3E0
[LOG] SystemI::createSoundInternal             : exinfo->userseek           = 00007FFD856EE490
[LOG] SystemI::createSoundInternal             : exinfo->fileuserdata       = 000000005D1F89A8
[LOG] SystemI::createSoundInternal             : exinfo->initialseekpostype = 1
[LOG] SystemI::DSPCodecPoolRegister            : register codec pool for pool type 7
[LOG] SystemI::createSoundInternal             : Sample 0/1: name='hopital_heartbeart', format=2, channels=2, frequency=24000, lengthbytes=236064, lengthpcm=215808, pcmblocksize=256, loopstart=0, loopend=0, mode=0x00000000, channelmask=0x00000000, channelorder=0, peakvolume=0.371205.
[LOG] SystemI::createSoundInternal             : Create name='', mode=0x02000202
[LOG] SystemI::createSoundInternal             : exinfo->cbsize             = 232
[LOG] SystemI::createSoundInternal             : exinfo->length             = 25833248
[LOG] SystemI::createSoundInternal             : exinfo->fileoffset         = 63616
[LOG] SystemI::createSoundInternal             : exinfo->numsubsounds       = 1
[LOG] SystemI::createSoundInternal             : exinfo->inclusionlist      = 0000000062E4F5FC
[LOG] SystemI::createSoundInternal             : exinfo->inclusionlistnum   = 1
[LOG] SystemI::createSoundInternal             : exinfo->suggestedsoundtype = 5
[LOG] SystemI::createSoundInternal             : exinfo->useropen           = 00007FFD856EE310
[LOG] SystemI::createSoundInternal             : exinfo->userclose          = 00007FFD856EE2E0
[LOG] SystemI::createSoundInternal             : exinfo->userread           = 00007FFD856EE3E0
[LOG] SystemI::createSoundInternal             : exinfo->userseek           = 00007FFD856EE490
[LOG] SystemI::createSoundInternal             : exinfo->fileuserdata       = 000000005D1F89A8
[LOG] SystemI::createSoundInternal             : exinfo->initialseekpostype = 1
[LOG] SystemI::DSPCodecPoolRegister            : register codec pool for pool type 7
[LOG] SystemI::createSoundInternal             : Sample 0/1: name='hopital_caugh3', format=2, channels=2, frequency=24000, lengthbytes=77568, lengthpcm=70912, pcmblocksize=256, loopstart=0, loopend=0, mode=0x00000000, channelmask=0x00000000, channelorder=0, peakvolume=0.490270.
[LOG] SystemI::createSoundInternal             : Create name='', mode=0x02000202
[LOG] SystemI::createSoundInternal             : exinfo->cbsize             = 232
[LOG] SystemI::createSoundInternal             : exinfo->length             = 25833248
[LOG] SystemI::createSoundInternal             : exinfo->fileoffset         = 63616
[LOG] SystemI::createSoundInternal             : exinfo->numsubsounds       = 1
[LOG] SystemI::createSoundInternal             : exinfo->inclusionlist      = 0000000062E4F5FC
[LOG] SystemI::createSoundInternal             : exinfo->inclusionlistnum   = 1
[LOG] SystemI::createSoundInternal             : exinfo->suggestedsoundtype = 5
[LOG] SystemI::createSoundInternal             : exinfo->useropen           = 00007FFD856EE310
[LOG] SystemI::createSoundInternal             : exinfo->userclose          = 00007FFD856EE2E0
[LOG] SystemI::createSoundInternal             : exinfo->userread           = 00007FFD856EE3E0
[LOG] SystemI::createSoundInternal             : exinfo->userseek           = 00007FFD856EE490
[LOG] SystemI::createSoundInternal             : exinfo->fileuserdata       = 000000005D1F89A8
[LOG] SystemI::createSoundInternal             : exinfo->initialseekpostype = 1
[LOG] SystemI::DSPCodecPoolRegister            : register codec pool for pool type 7
[LOG] SystemI::createSoundInternal             : Sample 0/1: name='hopital_caugh2', format=2, channels=2, frequency=24000, lengthbytes=35008, lengthpcm=32000, pcmblocksize=256, loopstart=0, loopend=0, mode=0x00000000, channelmask=0x00000000, channelorder=0, peakvolume=0.488831.
[LOG] SystemI::createSoundInternal             : Create name='', mode=0x02000202
[LOG] SystemI::createSoundInternal             : exinfo->cbsize             = 232
[LOG] SystemI::createSoundInternal             : exinfo->length             = 25833248
[LOG] SystemI::createSoundInternal             : exinfo->fileoffset         = 63616
[LOG] SystemI::createSoundInternal             : exinfo->numsubsounds       = 1
[LOG] SystemI::createSoundInternal             : exinfo->inclusionlist      = 0000000062E4F5FC
[LOG] SystemI::createSoundInternal             : exinfo->inclusionlistnum   = 1
[LOG] SystemI::createSoundInternal             : exinfo->suggestedsoundtype = 5
[LOG] SystemI::createSoundInternal             : exinfo->useropen           = 00007FFD856EE310
[LOG] SystemI::createSoundInternal             : exinfo->userclose          = 00007FFD856EE2E0
[LOG] SystemI::createSoundInternal             : exinfo->userread           = 00007FFD856EE3E0
[LOG] SystemI::createSoundInternal             : exinfo->userseek           = 00007FFD856EE490
[LOG] SystemI::createSoundInternal             : exinfo->fileuserdata       = 000000005D1F89A8
[LOG] SystemI::createSoundInternal             : exinfo->initialseekpostype = 1
[LOG] SystemI::DSPCodecPoolRegister            : register codec pool for pool type 7
[LOG] SystemI::createSoundInternal             : Sample 0/1: name='hopital_caugh1', format=2, channels=2, frequency=24000, lengthbytes=41440, lengthpcm=37888, pcmblocksize=256, loopstart=0, loopend=0, mode=0x00000000, channelmask=0x00000000, channelorder=0, peakvolume=0.437031.
[LOG] SystemI::createSound                     : filename = Assets\Sound\Mobile/Master Bank.bank : mode 02010082
[LOG] SystemI::createSound                     : FMOD_NONBLOCKING specified.  Putting into queue to be opened asynchronously!
[LOG] SystemI::createSound                     : setdata soundi = 0000000048402348 : node = 000000004840EAF0
[LOG] SystemI::createSound                     : add node to async list : head = 000000001FAF7288.  list count = 0
[LOG] SystemI::createSound                     : filename = Assets\Sound\Mobile/Master Bank.bank : mode 02010082
[LOG] SystemI::createSound                     : FMOD_NONBLOCKING specified.  Putting into queue to be opened asynchronously!
[LOG] SystemI::createSound                     : setdata soundi = 0000000048402F18 : node = 000000004840E460
[LOG] AsyncThread::threadFunc                  : Starting Asynchronous operation on sound 0000000048402348
[LOG] SystemI::createSound                     : add node to async list : head = 000000001FAF7288.  list count = 0
[LOG] SystemI::createSoundInternal             :     Create name='Assets\Sound\Mobile/Master Bank.bank', mode=0x02010082
[LOG] SystemI::createSoundInternal             :     exinfo->cbsize             = 232
[LOG] SystemI::createSound                     :     filename = Assets\Sound\Mobile/Master Bank.bank : mode 02010082
[LOG] SystemI::createSoundInternal             :     exinfo->length             = 25833248
[LOG] SystemI::createSound                     :     FMOD_NONBLOCKING specified.  Putting into queue to be opened asynchronously!
[LOG] SystemI::createSoundInternal             :     exinfo->fileoffset         = 63616
[LOG] SystemI::createSoundInternal             :     exinfo->numsubsounds       = 1
[LOG] SystemI::createSound                     :     setdata soundi = 0000000048402A08 : node = 000000004840E070
[LOG] SystemI::createSoundInternal             :     exinfo->inclusionlist      = 000000004840EC08
[LOG] SystemI::createSound                     :     add node to async list : head = 000000001FAF7288.  list count = 1
[LOG] SystemI::createSoundInternal             :     exinfo->inclusionlistnum   = 1
[LOG] SystemI::createSoundInternal             :     exinfo->suggestedsoundtype = 5
[LOG] SystemI::createSoundInternal             :     exinfo->initialseekpostype = 1
[LOG] SystemI::createSoundInternal             :     Stream 0/1: name='hopital_lightAC_loop', format=2, channels=2, frequency=24000, lengthbytes=649344, lengthpcm=593664, pcmblocksize=256, loopstart=0, loopend=0, mode=0x00000000, channelmask=0x00000000, channelorder=0, peakvolume=0.164145.
[LOG] AsyncThread::threadFunc                  : Finished Asynchronous operation on sound 0000000048402348
[LOG] AsyncThread::threadFunc                  : Starting Asynchronous operation on sound 0000000048402F18
[LOG] SystemI::createSoundInternal             :     Create name='Assets\Sound\Mobile/Master Bank.bank', mode=0x02010082
[LOG] SystemI::createSoundInternal             :     exinfo->cbsize             = 232
[LOG] SystemI::createSoundInternal             :     exinfo->length             = 25833248
[LOG] SystemI::createSoundInternal             :     exinfo->fileoffset         = 63616
[LOG] SystemI::createSoundInternal             :     exinfo->numsubsounds       = 1
[LOG] SystemI::createSoundInternal             :     exinfo->inclusionlist      = 000000004840E578
[LOG] SystemI::createSoundInternal             :     exinfo->inclusionlistnum   = 1
[LOG] SystemI::createSoundInternal             :     exinfo->suggestedsoundtype = 5
[LOG] SystemI::createSoundInternal             :     exinfo->initialseekpostype = 1
[LOG] SystemI::createSoundInternal             :     Stream 0/1: name='hopital_flikering_loop', format=2, channels=2, frequency=24000, lengthbytes=759936, lengthpcm=694784, pcmblocksize=256, loopstart=0, loopend=0, mode=0x00000000, channelmask=0x00000000, channelorder=0, peakvolume=0.091215.
[LOG] AsyncThread::threadFunc                  : Finished Asynchronous operation on sound 0000000048402F18
[LOG] AsyncThread::threadFunc                  : Starting Asynchronous operation on sound 0000000048402A08
[LOG] SystemI::createSoundInternal             :     Create name='Assets\Sound\Mobile/Master Bank.bank', mode=0x02010082
[LOG] SystemI::createSoundInternal             :     exinfo->cbsize             = 232
[LOG] SystemI::createSoundInternal             :     exinfo->length             = 25833248
[LOG] SystemI::createSoundInternal             :     exinfo->fileoffset         = 63616
[LOG] SystemI::createSoundInternal             :     exinfo->numsubsounds       = 1
[LOG] SystemI::createSoundInternal             :     exinfo->inclusionlist      = 000000004840E188
[LOG] SystemI::createSoundInternal             :     exinfo->inclusionlistnum   = 1
[LOG] SystemI::createSoundInternal             :     exinfo->suggestedsoundtype = 5
[LOG] SystemI::createSoundInternal             :     exinfo->initialseekpostype = 1
[LOG] SystemI::createSoundInternal             :     Stream 0/1: name='hopital_ambiance_loop', format=2, channels=2, frequency=24000, lengthbytes=1741888, lengthpcm=1592576, pcmblocksize=256, loopstart=0, loopend=0, mode=0x00000000, channelmask=0x00000000, channelorder=0, peakvolume=0.383279.
[LOG] AsyncThread::threadFunc                  : Finished Asynchronous operation on sound 0000000048402A08
[LOG] SoundI::getSubSound                      : sound 0000000048402348.  Subsound index 0 / 1
[LOG] SoundI::getSubSound                      : sound 0000000048402F18.  Subsound index 0 / 1
[LOG] SoundI::getSubSound                      : sound 0000000048402A08.  Subsound index 0 / 1
[LOG] AsyncThread::threadFunc                  : Starting Asynchronous operation on sound 0000000048403278
[LOG] AsyncThread::threadFunc                  : Finished Asynchronous operation on sound 0000000048403278
[LOG] AsyncThread::threadFunc                  : Starting Asynchronous operation on sound 00000000484024F8
[LOG] AsyncThread::threadFunc                  : Finished Asynchronous operation on sound 00000000484024F8
[LOG] AsyncThread::threadFunc                  : Starting Asynchronous operation on sound 0000000048402BB8
[LOG] AsyncThread::threadFunc                  : Finished Asynchronous operation on sound 0000000048402BB8
[LOG] SoundI::release                          : hopital_ambiance_loop (0000000048402A08)
[LOG] SoundI::release                          :     hopital_ambiance_loop (0000000048374928)
[LOG] SoundI::release                          :     hopital_ambiance_loop (0000000048403278)
[LOG] Codec::release                           : Free PCM Buffer
[LOG] SoundI::release                          : hopital_flikering_loop (0000000048402F18)
[LOG] SoundI::release                          :     hopital_flikering_loop (0000000048374AC8)
[LOG] SoundI::release                          :     hopital_flikering_loop (0000000048402BB8)
[LOG] Codec::release                           : Free PCM Buffer
[LOG] SoundI::release                          : hopital_lightAC_loop (0000000048402348)
[LOG] SoundI::release                          :     hopital_lightAC_loop (00000000483752E8)
[LOG] SoundI::release                          :     hopital_lightAC_loop (00000000484024F8)
[LOG] Codec::release                           : Free PCM Buffer
[LOG] SoundI::release                          :  (0000000013A41568)
[LOG] SoundI::release                          :     hopital_caugh2 (0000000048373F68)
[LOG] SoundI::release                          :  (0000000013A413F8)
[LOG] SoundI::release                          :     hopital_caugh3 (00000000483757C8)
[LOG] SoundI::release                          :  (0000000013A416D8)
[LOG] SoundI::release                          :     hopital_caugh1 (00000000483742A8)
[LOG] SoundI::release                          :  (0000000013A3FA18)
[LOG] SoundI::release                          :     hopital_heartbeart (0000000048374448)
[LOG] Thread::callback                         : FMOD Studio update thread finished.
[LOG] Thread::callback                         : FMOD Studio bank load thread finished.
[LOG] Profile::disconnectAll                   : Profiler disconnecting all clients
[LOG] Thread::callback                         : FMOD Studio sample load thread finished.
[LOG] LiveUpdate::release                      : 
[LOG] LiveUpdate::reset                        : Reset connection (reason Disconnected)
[LOG] Thread::callback                         : FMOD stream thread finished.
[LOG] Thread::callback                         : FMOD mixer thread finished.
[LOG] Profile::disconnectAll                   : Profiler disconnecting all clients
[LOG] Thread::callback                         : FMOD nonblocking thread (0) finished.
[LOG] Thread::callback                         : FMOD file thread finished.
[LOG] SystemI::close                           : Closed.
